<?xml version="1.0" encoding="utf-8"?><testsuites><testsuite errors="0" failures="0" hostname="MGTNTB110.local" name="pytest" skipped="0" tests="5" time="0.050" timestamp="2021-12-06T21:52:33.325742"><testcase classname="test_pytest" name="test_meu_primeiro_teste" time="0.004" /><testcase classname="test_pytest" name="test_quando_brincadeira_receber_1_entao_deve_retornar_1" time="0.002" /><testcase classname="test_pytest" name="test_quando_brincadeira_receber_2_entao_deve_retornar_2" time="0.002" /><testcase classname="test_pytest" name="test_quando_brincadeira_receber_3_entao_deve_retornar_queijo" time="0.001" /><testcase classname="test_pytest" name="test_quando_brincadeira_receber_5_entao_deve_retornar_goiabada" time="0.001" /></testsuite></testsuites>